<?xml version="1.0" encoding="UTF-8" ?>
<testsuite failures="0" time="1.705" errors="0" skipped="0" tests="1" name="br.com.capela.contador.persistencia.PersistenciaCouchDBSpec">
  <properties>
    <property name="java.vendor" value="Sun Microsystems Inc."/>
    <property name="env.SESSION_MANAGER" value="local/renato-laptop:/tmp/.ICE-unix/3777"/>
    <property name="env.LESSOPEN" value="| /usr/bin/lesspipe %s"/>
    <property name="localRepository" value="/home/renatos/.m2/repository"/>
    <property name="sun.java.launcher" value="SUN_STANDARD"/>
    <property name="sun.management.compiler" value="HotSpot Tiered Compilers"/>
    <property name="os.name" value="Linux"/>
    <property name="sun.boot.class.path" value="/usr/lib/jvm/java-6-sun-1.6.0.16/jre/lib/resources.jar:/usr/lib/jvm/java-6-sun-1.6.0.16/jre/lib/rt.jar:/usr/lib/jvm/java-6-sun-1.6.0.16/jre/lib/sunrsasign.jar:/usr/lib/jvm/java-6-sun-1.6.0.16/jre/lib/jsse.jar:/usr/lib/jvm/java-6-sun-1.6.0.16/jre/lib/jce.jar:/usr/lib/jvm/java-6-sun-1.6.0.16/jre/lib/charsets.jar:/usr/lib/jvm/java-6-sun-1.6.0.16/jre/classes"/>
    <property name="env.PWD" value="/home/renatos/develop/workspace/amicao"/>
    <property name="env.XDG_SESSION_COOKIE" value="9e50e996def609cd6c855f0047ee9f02-1256597580.444594-1788957391"/>
    <property name="sun.desktop" value="gnome"/>
    <property name="env.LANG" value="pt_BR.UTF-8"/>
    <property name="java.vm.specification.vendor" value="Sun Microsystems Inc."/>
    <property name="java.runtime.version" value="1.6.0_16-b01"/>
    <property name="env.DISPLAY" value=":0.0"/>
    <property name="user.name" value="renatos"/>
    <property name="env._" value="/usr/bin/mvn"/>
    <property name="env.USER" value="renatos"/>
    <property name="env.HISTCONTROL" value="ignoreboth"/>
    <property name="env.SHELL" value="/bin/bash"/>
    <property name="env.DESKTOP_SESSION" value="default"/>
    <property name="env.XDG_DATA_DIRS" value="/usr/local/share/:/usr/share/:/usr/share/gdm/"/>
    <property name="env.NLSPATH" value="/usr/dt/lib/nls/msg/%L/%N.cat"/>
    <property name="env.PATH" value="/home/renatos/bin:/usr/lib/jvm/java-6-sun/bin/:/home/renatos/develop/open_source/griffon/bin/:/home/renatos/develop/frameworksBibliotecas/grails/bin/:/home/renatos/develop/open_source/spring-roo/bin:firefox3:/usr/local/sbin:/usr/local/bin:/usr/sbin:/usr/bin:/sbin:/bin:/usr/games"/>
    <property name="user.language" value="pt"/>
    <property name="sun.boot.library.path" value="/usr/lib/jvm/java-6-sun-1.6.0.16/jre/lib/i386"/>
    <property name="classworlds.conf" value="/usr/share/maven2/bin/m2.conf"/>
    <property name="java.version" value="1.6.0_16"/>
    <property name="user.timezone" value="America/Sao_Paulo"/>
    <property name="env.DBUS_SESSION_BUS_ADDRESS" value="unix:abstract=/tmp/dbus-PtxcmK7lv3,guid=42a46bd9eba4d5449b6894674ae6284e"/>
    <property name="sun.arch.data.model" value="32"/>
    <property name="env.SSH_AGENT_PID" value="3840"/>
    <property name="java.endorsed.dirs" value="/usr/lib/jvm/java-6-sun-1.6.0.16/jre/lib/endorsed"/>
    <property name="sun.cpu.isalist" value=""/>
    <property name="sun.jnu.encoding" value="UTF-8"/>
    <property name="file.encoding.pkg" value="sun.io"/>
    <property name="env.SHLVL" value="1"/>
    <property name="file.separator" value="/"/>
    <property name="java.specification.name" value="Java Platform API Specification"/>
    <property name="env.GNOME_DESKTOP_SESSION_ID" value="this-is-deprecated"/>
    <property name="java.class.version" value="50.0"/>
    <property name="env.GDMSESSION" value="default"/>
    <property name="user.country" value="BR"/>
    <property name="env.GNOME_KEYRING_PID" value="3765"/>
    <property name="java.home" value="/usr/lib/jvm/java-6-sun-1.6.0.16/jre"/>
    <property name="java.vm.info" value="mixed mode"/>
    <property name="env.LOGNAME" value="renatos"/>
    <property name="os.version" value="2.6.31-13-generic"/>
    <property name="path.separator" value=":"/>
    <property name="java.vm.version" value="14.2-b01"/>
    <property name="env.JAVA_HOME" value="/usr/lib/jvm/java-6-sun"/>
    <property name="java.awt.printerjob" value="sun.print.PSPrinterJob"/>
    <property name="env.TERM" value="xterm"/>
    <property name="env.WINDOWPATH" value="7"/>
    <property name="sun.io.unicode.encoding" value="UnicodeLittle"/>
    <property name="env.MANPATH" value="/usr/lib/jvm/java-6-sun/man:"/>
    <property name="env.GDM_LANG" value="pt_BR.UTF-8"/>
    <property name="user.home" value="/home/renatos"/>
    <property name="env.firefox3" value="firefox-3.5"/>
    <property name="java.specification.vendor" value="Sun Microsystems Inc."/>
    <property name="env.CLASSPATH" value="JAVA_HOME/lib/:"/>
    <property name="env.WINDOWID" value="52428852"/>
    <property name="java.library.path" value="/usr/lib/jvm/java-6-sun-1.6.0.16/jre/lib/i386/server:/usr/lib/jvm/java-6-sun-1.6.0.16/jre/lib/i386:/usr/lib/jvm/java-6-sun-1.6.0.16/jre/../lib/i386:/usr/java/packages/lib/i386:/lib:/usr/lib"/>
    <property name="java.vendor.url" value="http://java.sun.com/"/>
    <property name="env.GDM_XSERVER_LOCATION" value="local"/>
    <property name="java.vm.vendor" value="Sun Microsystems Inc."/>
    <property name="maven.home" value="/usr/share/maven2"/>
    <property name="java.runtime.name" value="Java(TM) SE Runtime Environment"/>
    <property name="java.class.path" value="/usr/share/maven2/boot/classworlds.jar"/>
    <property name="env.XFILESEARCHPATH" value="/usr/dt/app-defaults/%L/Dt"/>
    <property name="java.vm.specification.name" value="Java Virtual Machine Specification"/>
    <property name="env.GRIFFON_HOME" value="/home/renatos/develop/open_source/griffon"/>
    <property name="java.vm.specification.version" value="1.0"/>
    <property name="sun.os.patch.level" value="unknown"/>
    <property name="sun.cpu.endian" value="little"/>
    <property name="env.GTK_RC_FILES" value="/etc/gtk/gtkrc:/home/renatos/.gtkrc-1.2-gnome2"/>
    <property name="env.HOME" value="/home/renatos"/>
    <property name="env.ROO_HOME" value="/home/renatos/develop/open_source/spring-roo"/>
    <property name="surefire.test.class.path" value="/home/renatos/develop/workspace/amicao/target/test-classes:/home/renatos/develop/workspace/amicao/target/classes:/home/renatos/.m2/repository/joda-time/joda-time/1.6/joda-time-1.6.jar:/home/renatos/.m2/repository/commons-lang/commons-lang/2.4/commons-lang-2.4.jar:/home/renatos/.m2/repository/org/hibernate/hibernate-cglib-repack/2.1_3/hibernate-cglib-repack-2.1_3.jar:/home/renatos/.m2/repository/org/slf4j/slf4j-api/1.4.3/slf4j-api-1.4.3.jar:/home/renatos/.m2/repository/org/slf4j/slf4j-log4j12/1.4.3/slf4j-log4j12-1.4.3.jar:/home/renatos/.m2/repository/log4j/log4j/1.2.13/log4j-1.2.13.jar:/home/renatos/.m2/repository/org/hibernate/hibernate/3.2.7.ga/hibernate-3.2.7.ga.jar:/home/renatos/.m2/repository/net/sf/ehcache/ehcache/1.2.3/ehcache-1.2.3.jar:/home/renatos/.m2/repository/commons-logging/commons-logging/1.0.4/commons-logging-1.0.4.jar:/home/renatos/.m2/repository/commons-collections/commons-collections/2.1.1/commons-collections-2.1.1.jar:/home/renatos/.m2/repository/javax/transaction/jta/1.0.1B/jta-1.0.1B.jar:/home/renatos/.m2/repository/asm/asm-attrs/1.5.3/asm-attrs-1.5.3.jar:/home/renatos/.m2/repository/dom4j/dom4j/1.6.1/dom4j-1.6.1.jar:/home/renatos/.m2/repository/antlr/antlr/2.7.6/antlr-2.7.6.jar:/home/renatos/.m2/repository/cglib/cglib/2.1_3/cglib-2.1_3.jar:/home/renatos/.m2/repository/asm/asm/1.5.3/asm-1.5.3.jar:/home/renatos/.m2/repository/org/hibernate/hibernate-core/3.3.2.GA/hibernate-core-3.3.2.GA.jar:/home/renatos/.m2/repository/org/hibernate/hibernate-annotations/3.4.0.GA/hibernate-annotations-3.4.0.GA.jar:/home/renatos/.m2/repository/org/hibernate/ejb3-persistence/1.0.2.GA/ejb3-persistence-1.0.2.GA.jar:/home/renatos/.m2/repository/org/hibernate/hibernate-commons-annotations/3.3.0.ga/hibernate-commons-annotations-3.3.0.ga.jar:/home/renatos/.m2/repository/javax/persistence/persistence-api/1.0/persistence-api-1.0.jar:/home/renatos/.m2/repository/org/hibernate/hibernate-entitymanager/3.4.0.GA/hibernate-entitymanager-3.4.0.GA.jar:/home/renatos/.m2/repository/javassist/javassist/3.4.GA/javassist-3.4.GA.jar:/home/renatos/.m2/repository/hsqldb/hsqldb/1.8.0.7/hsqldb-1.8.0.7.jar:/home/renatos/.m2/repository/org/scala-lang/scala-library/2.7.5/scala-library-2.7.5.jar:/home/renatos/.m2/repository/org/scala-lang/scala-compiler/2.7.5/scala-compiler-2.7.5.jar:/home/renatos/.m2/repository/org/scalatest/scalatest/1.0/scalatest-1.0.jar:/home/renatos/.m2/repository/junit/junit/4.7/junit-4.7.jar:/home/renatos/.m2/repository/org/scala-tools/testing/specs/1.6.0/specs-1.6.0.jar:/home/renatos/.m2/repository/org/mockito/mockito-all/1.7/mockito-all-1.7.jar:/home/renatos/.m2/repository/org/objenesis/objenesis/1.0/objenesis-1.0.jar:"/>
    <property name="java.io.tmpdir" value="/tmp"/>
    <property name="env.LD_LIBRARY_PATH" value="/usr/lib/jvm/java-6-sun-1.6.0.16/jre/lib/i386/server:/usr/lib/jvm/java-6-sun-1.6.0.16/jre/lib/i386:/usr/lib/jvm/java-6-sun-1.6.0.16/jre/../lib/i386"/>
    <property name="env.LS_COLORS" value="no=00:fi=00:di=01;34:ln=01;36:pi=40;33:so=01;35:do=01;35:bd=40;33;01:cd=40;33;01:or=40;31;01:su=37;41:sg=30;43:tw=30;42:ow=34;42:st=37;44:ex=01;32:*.tar=01;31:*.tgz=01;31:*.svgz=01;31:*.arj=01;31:*.taz=01;31:*.lzh=01;31:*.lzma=01;31:*.zip=01;31:*.z=01;31:*.Z=01;31:*.dz=01;31:*.gz=01;31:*.bz2=01;31:*.bz=01;31:*.tbz2=01;31:*.tz=01;31:*.deb=01;31:*.rpm=01;31:*.jar=01;31:*.rar=01;31:*.ace=01;31:*.zoo=01;31:*.cpio=01;31:*.7z=01;31:*.rz=01;31:*.jpg=01;35:*.jpeg=01;35:*.gif=01;35:*.bmp=01;35:*.pbm=01;35:*.pgm=01;35:*.ppm=01;35:*.tga=01;35:*.xbm=01;35:*.xpm=01;35:*.tif=01;35:*.tiff=01;35:*.png=01;35:*.svg=01;35:*.mng=01;35:*.pcx=01;35:*.mov=01;35:*.mpg=01;35:*.mpeg=01;35:*.m2v=01;35:*.mkv=01;35:*.ogm=01;35:*.mp4=01;35:*.m4v=01;35:*.mp4v=01;35:*.vob=01;35:*.qt=01;35:*.nuv=01;35:*.wmv=01;35:*.asf=01;35:*.rm=01;35:*.rmvb=01;35:*.flc=01;35:*.avi=01;35:*.fli=01;35:*.gl=01;35:*.dl=01;35:*.xcf=01;35:*.xwd=01;35:*.yuv=01;35:*.aac=00;36:*.au=00;36:*.flac=00;36:*.mid=00;36:*.midi=00;36:*.mka=00;36:*.mp3=00;36:*.mpc=00;36:*.ogg=00;36:*.ra=00;36:*.wav=00;36:"/>
    <property name="java.vendor.url.bug" value="http://java.sun.com/cgi-bin/bugreport.cgi"/>
    <property name="env.SSH_AUTH_SOCK" value="/tmp/keyring-p65ykx/socket.ssh"/>
    <property name="java.awt.graphicsenv" value="sun.awt.X11GraphicsEnvironment"/>
    <property name="os.arch" value="i386"/>
    <property name="java.ext.dirs" value="/usr/lib/jvm/java-6-sun-1.6.0.16/jre/lib/ext:/usr/java/packages/lib/ext"/>
    <property name="user.dir" value="/home/renatos/develop/workspace/amicao"/>
    <property name="env.XAUTHORITY" value="/home/renatos/.Xauthority"/>
    <property name="env.GTK_MODULES" value="canberra-gtk-module"/>
    <property name="line.separator" value="
"/>
    <property name="java.vm.name" value="Java HotSpot(TM) Server VM"/>
    <property name="env.COLORTERM" value="gnome-terminal"/>
    <property name="basedir" value="/home/renatos/develop/workspace/amicao"/>
    <property name="env.ORBIT_SOCKETDIR" value="/tmp/orbit-renatos"/>
    <property name="env.USERNAME" value="renatos"/>
    <property name="file.encoding" value="UTF-8"/>
    <property name="env.GNOME_KEYRING_SOCKET" value="/tmp/keyring-p65ykx/socket"/>
    <property name="env.GRAILS_HOME" value="/home/renatos/develop/frameworksBibliotecas/grails"/>
    <property name="env.GPG_AGENT_INFO" value="/tmp/seahorse-3wYdr4/S.gpg-agent:3862:1"/>
    <property name="java.specification.version" value="1.6"/>
    <property name="env.LESSCLOSE" value="/usr/bin/lesspipe %s %s"/>
  </properties>
  <testcase time="1.613" classname="br.com.capela.contador.persistencia.PersistenciaCouchDBSpec" name="Raca deve persistir uma nova raca"/>
</testsuite>